<?xml version="1.0" encoding="UTF-8" standalone="no"?>
<window xmlns="http://schemas.haulmont.com/cuba/window.xsd"
        caption="msg://browseCaption"
        class="com.company.taximgmt.gui.test.TestBrowse"
        messagesPack="com.company.taximgmt.gui.test">
    <dsContext>
        <collectionDatasource id="testsDs"
                              class="com.company.taximgmt.entity.Test"
                              view="_local">
            <query>
                <![CDATA[select e from taximgmt$Test e]]>
            </query>
        </collectionDatasource>
    </dsContext>
    <dialogMode height="600"
                width="800"/>
    <layout margin="true"
            spacing="true">
        <groupBox height="106px"
                  orientation="horizontal"
                  showAsPanel="true"
                  spacing="true"
                  width="1003px">
            <label id="label_4"
                   height="108px"
                   htmlEnabled="true"
                   icon="image.png"
                   value="msg://re1"
                   width="100%"/>
            <label id="label"
                   height="100%"
                   htmlEnabled="true"
                   icon="image.png"
                   value="msg://re2"
                   width="903px"/>
        </groupBox>
        <groupBox height="1093px"
                  showAsPanel="true"
                  spacing="true">
            <label id="label_1"
                   height="100%"
                   htmlEnabled="true"
                   icon="map.png"
                   value="msg://map"
                   width="321px"/>
        </groupBox>
        <groupBox height="241px"
                  orientation="horizontal"
                  showAsPanel="true"
                  spacing="true"
                  width="1073px">
            <label id="label_2"
                   height="180px"
                   htmlEnabled="true"
                   icon="image.png"
                   value="msg://re1"
                   width="355px"/>
            <label id="label_3"
                   height="100%"
                   htmlEnabled="true"
                   icon="image.png"
                   value="msg://re2"
                   width="811px"/>
        </groupBox>
    </layout>
</window>
